0 info it worked if it ends with ok
1 verbose cli [ 'node',
1 verbose cli   '/usr/local/bin/npm',
1 verbose cli   'install',
1 verbose cli   '--save-dev',
1 verbose cli   'grunt-contrib-watch',
1 verbose cli   'grunt-contrib-connect',
1 verbose cli   'connect-livereload' ]
2 info using npm@1.4.28
3 info using node@v0.10.36
4 verbose readDependencies using package.json deps
5 verbose cache add [ 'grunt-contrib-watch', null ]
6 verbose cache add name=undefined spec="grunt-contrib-watch" args=["grunt-contrib-watch",null]
7 verbose parsed url { protocol: null,
7 verbose parsed url   slashes: null,
7 verbose parsed url   auth: null,
7 verbose parsed url   host: null,
7 verbose parsed url   port: null,
7 verbose parsed url   hostname: null,
7 verbose parsed url   hash: null,
7 verbose parsed url   search: null,
7 verbose parsed url   query: null,
7 verbose parsed url   pathname: 'grunt-contrib-watch',
7 verbose parsed url   path: 'grunt-contrib-watch',
7 verbose parsed url   href: 'grunt-contrib-watch' }
8 verbose cache add [ 'grunt-contrib-connect', null ]
9 verbose cache add name=undefined spec="grunt-contrib-connect" args=["grunt-contrib-connect",null]
10 verbose parsed url { protocol: null,
10 verbose parsed url   slashes: null,
10 verbose parsed url   auth: null,
10 verbose parsed url   host: null,
10 verbose parsed url   port: null,
10 verbose parsed url   hostname: null,
10 verbose parsed url   hash: null,
10 verbose parsed url   search: null,
10 verbose parsed url   query: null,
10 verbose parsed url   pathname: 'grunt-contrib-connect',
10 verbose parsed url   path: 'grunt-contrib-connect',
10 verbose parsed url   href: 'grunt-contrib-connect' }
11 verbose cache add [ 'connect-livereload', null ]
12 verbose cache add name=undefined spec="connect-livereload" args=["connect-livereload",null]
13 verbose parsed url { protocol: null,
13 verbose parsed url   slashes: null,
13 verbose parsed url   auth: null,
13 verbose parsed url   host: null,
13 verbose parsed url   port: null,
13 verbose parsed url   hostname: null,
13 verbose parsed url   hash: null,
13 verbose parsed url   search: null,
13 verbose parsed url   query: null,
13 verbose parsed url   pathname: 'connect-livereload',
13 verbose parsed url   path: 'connect-livereload',
13 verbose parsed url   href: 'connect-livereload' }
14 silly lockFile 7f2b8bdb-grunt-contrib-watch grunt-contrib-watch
15 verbose lock grunt-contrib-watch /Users/yangyan/.npm/7f2b8bdb-grunt-contrib-watch.lock
16 silly lockFile a0cb9c83-grunt-contrib-connect grunt-contrib-connect
17 verbose lock grunt-contrib-connect /Users/yangyan/.npm/a0cb9c83-grunt-contrib-connect.lock
18 silly lockFile ba1ecd0b-connect-livereload connect-livereload
19 verbose lock connect-livereload /Users/yangyan/.npm/ba1ecd0b-connect-livereload.lock
20 silly lockFile 7f2b8bdb-grunt-contrib-watch grunt-contrib-watch
21 silly lockFile 7f2b8bdb-grunt-contrib-watch grunt-contrib-watch
22 silly lockFile a0cb9c83-grunt-contrib-connect grunt-contrib-connect
23 silly lockFile a0cb9c83-grunt-contrib-connect grunt-contrib-connect
24 silly lockFile ba1ecd0b-connect-livereload connect-livereload
25 silly lockFile ba1ecd0b-connect-livereload connect-livereload
26 verbose addNamed [ 'grunt-contrib-watch', '' ]
27 verbose addNamed [ null, '*' ]
28 silly lockFile b64937f1-grunt-contrib-watch grunt-contrib-watch@
29 verbose lock grunt-contrib-watch@ /Users/yangyan/.npm/b64937f1-grunt-contrib-watch.lock
30 verbose addNamed [ 'grunt-contrib-connect', '' ]
31 verbose addNamed [ null, '*' ]
32 silly lockFile 8d414d07-grunt-contrib-connect grunt-contrib-connect@
33 verbose lock grunt-contrib-connect@ /Users/yangyan/.npm/8d414d07-grunt-contrib-connect.lock
34 verbose addNamed [ 'connect-livereload', '' ]
35 verbose addNamed [ null, '*' ]
36 silly lockFile 43fc8671-connect-livereload connect-livereload@
37 verbose lock connect-livereload@ /Users/yangyan/.npm/43fc8671-connect-livereload.lock
38 silly addNameRange { name: 'grunt-contrib-watch', range: '*', hasData: false }
39 silly addNameRange { name: 'grunt-contrib-connect', range: '*', hasData: false }
40 silly addNameRange { name: 'connect-livereload', range: '*', hasData: false }
41 verbose request where is /grunt-contrib-watch
42 verbose request registry http://registry.npm.taobao.org/
43 verbose request id d4fff01e03dc1eef
44 verbose url raw /grunt-contrib-watch
45 verbose url resolving [ 'http://registry.npm.taobao.org/', './grunt-contrib-watch' ]
46 verbose url resolved http://registry.npm.taobao.org/grunt-contrib-watch
47 verbose request where is http://registry.npm.taobao.org/grunt-contrib-watch
48 info trying registry request attempt 1 at 12:00:30
49 verbose etag "1397485229000"
50 http GET http://registry.npm.taobao.org/grunt-contrib-watch
51 verbose request where is /grunt-contrib-connect
52 verbose request registry http://registry.npm.taobao.org/
53 verbose url raw /grunt-contrib-connect
54 verbose url resolving [ 'http://registry.npm.taobao.org/', './grunt-contrib-connect' ]
55 verbose url resolved http://registry.npm.taobao.org/grunt-contrib-connect
56 verbose request where is http://registry.npm.taobao.org/grunt-contrib-connect
57 info trying registry request attempt 1 at 12:00:30
58 verbose etag "1428073135000"
59 http GET http://registry.npm.taobao.org/grunt-contrib-connect
60 verbose request where is /connect-livereload
61 verbose request registry http://registry.npm.taobao.org/
62 verbose url raw /connect-livereload
63 verbose url resolving [ 'http://registry.npm.taobao.org/', './connect-livereload' ]
64 verbose url resolved http://registry.npm.taobao.org/connect-livereload
65 verbose request where is http://registry.npm.taobao.org/connect-livereload
66 info trying registry request attempt 1 at 12:00:30
67 verbose etag "1423814474000"
68 http GET http://registry.npm.taobao.org/connect-livereload
69 http 304 http://registry.npm.taobao.org/grunt-contrib-connect
70 silly registry.get cb [ 304,
70 silly registry.get   { server: 'nginx/1.1.19',
70 silly registry.get     date: 'Fri, 08 May 2015 04:00:28 GMT',
70 silly registry.get     connection: 'keep-alive',
70 silly registry.get     etag: '"1428073135000"',
70 silly registry.get     'x-readtime': '7' } ]
71 verbose etag http://registry.npm.taobao.org/grunt-contrib-connect from cache
72 http 304 http://registry.npm.taobao.org/grunt-contrib-watch
73 silly registry.get cb [ 304,
73 silly registry.get   { server: 'nginx/1.1.19',
73 silly registry.get     date: 'Fri, 08 May 2015 04:00:28 GMT',
73 silly registry.get     connection: 'keep-alive',
73 silly registry.get     etag: '"1397485229000"',
73 silly registry.get     'x-readtime': '7' } ]
74 verbose etag http://registry.npm.taobao.org/grunt-contrib-watch from cache
75 http 304 http://registry.npm.taobao.org/connect-livereload
76 silly registry.get cb [ 304,
76 silly registry.get   { server: 'nginx/1.1.19',
76 silly registry.get     date: 'Fri, 08 May 2015 04:00:28 GMT',
76 silly registry.get     connection: 'keep-alive',
76 silly registry.get     etag: '"1423814474000"',
76 silly registry.get     'x-readtime': '6' } ]
77 verbose etag http://registry.npm.taobao.org/connect-livereload from cache
78 silly addNameRange number 2 { name: 'connect-livereload', range: '*', hasData: true }
79 silly addNameRange versions [ 'connect-livereload',
79 silly addNameRange   [ '0.5.3',
79 silly addNameRange     '0.5.2',
79 silly addNameRange     '0.5.1',
79 silly addNameRange     '0.5.0',
79 silly addNameRange     '0.4.1',
79 silly addNameRange     '0.4.0',
79 silly addNameRange     '0.3.2',
79 silly addNameRange     '0.3.1',
79 silly addNameRange     '0.3.0',
79 silly addNameRange     '0.2.0',
79 silly addNameRange     '0.1.4',
79 silly addNameRange     '0.1.3',
79 silly addNameRange     '0.1.2',
79 silly addNameRange     '0.1.1',
79 silly addNameRange     '0.1.0',
79 silly addNameRange     '0.0.3',
79 silly addNameRange     '0.0.2' ] ]
80 verbose addNamed [ 'connect-livereload', '0.5.3' ]
81 verbose addNamed [ '0.5.3', '0.5.3' ]
82 silly lockFile cf0a7468-connect-livereload-0-5-3 connect-livereload@0.5.3
83 verbose lock connect-livereload@0.5.3 /Users/yangyan/.npm/cf0a7468-connect-livereload-0-5-3.lock
84 silly addNameRange number 2 { name: 'grunt-contrib-watch', range: '*', hasData: true }
85 silly addNameRange versions [ 'grunt-contrib-watch',
85 silly addNameRange   [ '0.2.0-rc7',
85 silly addNameRange     '0.2.0-rc5',
85 silly addNameRange     '0.2.0-a',
85 silly addNameRange     '0.6.1',
85 silly addNameRange     '0.6.0',
85 silly addNameRange     '0.5.3',
85 silly addNameRange     '0.5.2',
85 silly addNameRange     '0.5.1',
85 silly addNameRange     '0.5.0',
85 silly addNameRange     '0.4.4',
85 silly addNameRange     '0.4.3',
85 silly addNameRange     '0.4.2',
85 silly addNameRange     '0.4.1',
85 silly addNameRange     '0.4.0',
85 silly addNameRange     '0.3.1',
85 silly addNameRange     '0.3.0',
85 silly addNameRange     '0.2.0',
85 silly addNameRange     '0.1.4',
85 silly addNameRange     '0.1.3',
85 silly addNameRange     '0.1.2',
85 silly addNameRange     '0.1.1',
85 silly addNameRange     '0.1.0' ] ]
86 verbose addNamed [ 'grunt-contrib-watch', '0.6.1' ]
87 verbose addNamed [ '0.6.1', '0.6.1' ]
88 silly lockFile 08049756-grunt-contrib-watch-0-6-1 grunt-contrib-watch@0.6.1
89 verbose lock grunt-contrib-watch@0.6.1 /Users/yangyan/.npm/08049756-grunt-contrib-watch-0-6-1.lock
90 silly addNameRange number 2 { name: 'grunt-contrib-connect', range: '*', hasData: true }
91 silly addNameRange versions [ 'grunt-contrib-connect',
91 silly addNameRange   [ '0.10.1',
91 silly addNameRange     '0.10.0',
91 silly addNameRange     '0.9.0',
91 silly addNameRange     '0.8.0',
91 silly addNameRange     '0.1.1-rc6',
91 silly addNameRange     '0.7.1',
91 silly addNameRange     '0.7.0',
91 silly addNameRange     '0.6.0',
91 silly addNameRange     '0.5.0',
91 silly addNameRange     '0.4.2',
91 silly addNameRange     '0.4.1',
91 silly addNameRange     '0.4.0',
91 silly addNameRange     '0.3.0',
91 silly addNameRange     '0.2.0',
91 silly addNameRange     '0.1.2',
91 silly addNameRange     '0.1.1',
91 silly addNameRange     '0.1.0' ] ]
92 verbose addNamed [ 'grunt-contrib-connect', '0.10.1' ]
93 verbose addNamed [ '0.10.1', '0.10.1' ]
94 silly lockFile 48873eff-grunt-contrib-connect-0-10-1 grunt-contrib-connect@0.10.1
95 verbose lock grunt-contrib-connect@0.10.1 /Users/yangyan/.npm/48873eff-grunt-contrib-connect-0-10-1.lock
96 silly lockFile d7773909-oad-connect-livereload-0-5-3-tgz http://registry.npm.taobao.org/connect-livereload/download/connect-livereload-0.5.3.tgz
97 verbose lock http://registry.npm.taobao.org/connect-livereload/download/connect-livereload-0.5.3.tgz /Users/yangyan/.npm/d7773909-oad-connect-livereload-0-5-3-tgz.lock
98 silly lockFile fd35ed42-grunt-contrib-connect-0-10-1-tgz http://registry.npm.taobao.org/grunt-contrib-connect/download/grunt-contrib-connect-0.10.1.tgz
99 verbose lock http://registry.npm.taobao.org/grunt-contrib-connect/download/grunt-contrib-connect-0.10.1.tgz /Users/yangyan/.npm/fd35ed42-grunt-contrib-connect-0-10-1-tgz.lock
100 silly lockFile 08049756-grunt-contrib-watch-0-6-1 grunt-contrib-watch@0.6.1
101 silly lockFile 08049756-grunt-contrib-watch-0-6-1 grunt-contrib-watch@0.6.1
102 verbose addRemoteTarball [ 'http://registry.npm.taobao.org/connect-livereload/download/connect-livereload-0.5.3.tgz',
102 verbose addRemoteTarball   'cd2040a959b1d9caf94fec6c05a775b813b43f6e' ]
103 verbose addRemoteTarball [ 'http://registry.npm.taobao.org/grunt-contrib-connect/download/grunt-contrib-connect-0.10.1.tgz',
103 verbose addRemoteTarball   '669cd85370307d547bdea574c29a0baeb998f516' ]
104 silly lockFile b64937f1-grunt-contrib-watch grunt-contrib-watch@
105 silly lockFile b64937f1-grunt-contrib-watch grunt-contrib-watch@
106 info retry fetch attempt 1 at 12:00:31
107 verbose fetch to= /var/folders/3x/6x9t_sl96jvf9wqxt1jfqn800000gn/T/npm-35527-BlfqwXSQ/registry.npm.taobao.org/connect-livereload/download/connect-livereload-0.5.3.tgz
108 info retry fetch attempt 1 at 12:00:31
109 verbose fetch to= /var/folders/3x/6x9t_sl96jvf9wqxt1jfqn800000gn/T/npm-35527-BlfqwXSQ/registry.npm.taobao.org/grunt-contrib-connect/download/grunt-contrib-connect-0.10.1.tgz
110 http GET http://registry.npm.taobao.org/connect-livereload/download/connect-livereload-0.5.3.tgz
111 http GET http://registry.npm.taobao.org/grunt-contrib-connect/download/grunt-contrib-connect-0.10.1.tgz
112 http 200 http://registry.npm.taobao.org/connect-livereload/download/connect-livereload-0.5.3.tgz
113 silly lockFile d7773909-oad-connect-livereload-0-5-3-tgz http://registry.npm.taobao.org/connect-livereload/download/connect-livereload-0.5.3.tgz
114 silly lockFile d7773909-oad-connect-livereload-0-5-3-tgz http://registry.npm.taobao.org/connect-livereload/download/connect-livereload-0.5.3.tgz
115 silly lockFile cf0a7468-connect-livereload-0-5-3 connect-livereload@0.5.3
116 silly lockFile cf0a7468-connect-livereload-0-5-3 connect-livereload@0.5.3
117 silly lockFile 43fc8671-connect-livereload connect-livereload@
118 silly lockFile 43fc8671-connect-livereload connect-livereload@
119 http 200 http://registry.npm.taobao.org/grunt-contrib-connect/download/grunt-contrib-connect-0.10.1.tgz
120 silly lockFile fd35ed42-grunt-contrib-connect-0-10-1-tgz http://registry.npm.taobao.org/grunt-contrib-connect/download/grunt-contrib-connect-0.10.1.tgz
121 silly lockFile fd35ed42-grunt-contrib-connect-0-10-1-tgz http://registry.npm.taobao.org/grunt-contrib-connect/download/grunt-contrib-connect-0.10.1.tgz
122 silly lockFile 48873eff-grunt-contrib-connect-0-10-1 grunt-contrib-connect@0.10.1
123 silly lockFile 48873eff-grunt-contrib-connect-0-10-1 grunt-contrib-connect@0.10.1
124 silly lockFile 8d414d07-grunt-contrib-connect grunt-contrib-connect@
125 silly lockFile 8d414d07-grunt-contrib-connect grunt-contrib-connect@
126 error Error: EACCES, mkdir '/Users/yangyan/.npm/connect-livereload/0.5.3'
126 error  { [Error: EACCES, mkdir '/Users/yangyan/.npm/connect-livereload/0.5.3']
126 error   errno: 3,
126 error   code: 'EACCES',
126 error   path: '/Users/yangyan/.npm/connect-livereload/0.5.3',
126 error   parent: '120' }
127 error Please try running this command again as root/Administrator.
128 error System Darwin 14.3.0
129 error command "node" "/usr/local/bin/npm" "install" "--save-dev" "grunt-contrib-watch" "grunt-contrib-connect" "connect-livereload"
130 error cwd /Users/yangyan/code/github/120
131 error node -v v0.10.36
132 error npm -v 1.4.28
133 error path /Users/yangyan/.npm/connect-livereload/0.5.3
134 error code EACCES
135 error errno 3
136 error stack Error: EACCES, mkdir '/Users/yangyan/.npm/connect-livereload/0.5.3'
137 verbose exit [ 3, true ]
